<?xml version="1.0" encoding="UTF-8" ?>
<testsuite tests="1" failures="0" name="com.cv.sc.storage.StorageTest" time="2.574" errors="0" skipped="0">
  <properties>
    <property name="JOB_NAME" value="CodePolice"/>
    <property name="java.vendor" value="Amazon.com Inc."/>
    <property name="sun.java.launcher" value="SUN_STANDARD"/>
    <property name="RUN_TESTS_DISPLAY_URL" value="http://localhost:8082/job/CodePolice/32/display/redirect?page=tests"/>
    <property name="sun.management.compiler" value="HotSpot 64-Bit Tiered Compilers"/>
    <property name="JENKINS_HOME" value="/Users/poonamsolanke/.jenkins"/>
    <property name="PATH" value="/Library/Java/JavaVirtualMachines/amazon-corretto-11.jdk/Contents/Home/bin:/usr/bin:/bin:/usr/sbin:/sbin"/>
    <property name="HUDSON_SERVER_COOKIE" value="d1e3091a129f3df6"/>
    <property name="POM_ARTIFACTID" value="com.cv"/>
    <property name="os.name" value="Mac OS X"/>
    <property name="EXECUTOR_NUMBER" value="0"/>
    <property name="java.vm.specification.vendor" value="Oracle Corporation"/>
    <property name="POM_DISPLAYNAME" value="com.cv"/>
    <property name="NODE_LABELS" value="built-in"/>
    <property name="java.runtime.version" value="11.0.14+9-LTS"/>
    <property name="user.name" value="poonamsolanke"/>
    <property name="guice.disable.misplaced.annotation.check" value="true"/>
    <property name="user.language" value="en"/>
    <property name="JOB_BASE_NAME" value="CodePolice"/>
    <property name="RUN_CHANGES_DISPLAY_URL" value="http://localhost:8082/job/CodePolice/32/display/redirect?page=changes"/>
    <property name="BUILD_DISPLAY_NAME" value="#32"/>
    <property name="TMPDIR" value="/var/folders/3s/pkx2fvcd7718pc8fkw91kctw0000gp/T/"/>
    <property name="sun.boot.library.path" value="/Library/Java/JavaVirtualMachines/amazon-corretto-11.jdk/Contents/Home/lib"/>
    <property name="java.vm.compressedOopsMode" value="Zero based"/>
    <property name="java.version" value="11.0.14"/>
    <property name="XPC_FLAGS" value="0x0"/>
    <property name="user.timezone" value="Asia/Kolkata"/>
    <property name="sun.arch.data.model" value="64"/>
    <property name="NODE_NAME" value="built-in"/>
    <property name="http.nonProxyHosts" value="local|*.local|169.254/16|*.169.254/16"/>
    <property name="BUILD_ID" value="32"/>
    <property name="sun.cpu.isalist" value=""/>
    <property name="sun.jnu.encoding" value="UTF-8"/>
    <property name="SHELL" value="/bin/zsh"/>
    <property name="AuthToken" value="Bearer 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"/>
    <property name="file.separator" value="/"/>
    <property name="java.specification.name" value="Java Platform API Specification"/>
    <property name="maven.conf" value="/Users/poonamsolanke/.jenkins/tools/hudson.tasks.Maven_MavenInstallation/MAVEN/conf"/>
    <property name="java.class.version" value="55.0"/>
    <property name="org.slf4j.simpleLogger.defaultLogLevel" value="info"/>
    <property name="user.country" value="GB"/>
    <property name="java.home" value="/Library/Java/JavaVirtualMachines/amazon-corretto-11.jdk/Contents/Home"/>
    <property name="java.vm.info" value="mixed mode"/>
    <property name="os.version" value="12.3"/>
    <property name="RUN_DISPLAY_URL" value="http://localhost:8082/job/CodePolice/32/display/redirect"/>
    <property name="POM_VERSION" value="1.0-SNAPSHOT"/>
    <property name="sun.font.fontmanager" value="sun.font.CFontManager"/>
    <property name="path.separator" value=":"/>
    <property name="RUN_ARTIFACTS_DISPLAY_URL" value="http://localhost:8082/job/CodePolice/32/display/redirect?page=artifacts"/>
    <property name="java.vm.version" value="11.0.14+9-LTS"/>
    <property name="JOB_DISPLAY_URL" value="http://localhost:8082/job/CodePolice/display/redirect"/>
    <property name="java.awt.printerjob" value="sun.lwawt.macosx.CPrinterJob"/>
    <property name="JAVA_HOME" value="/Library/Java/JavaVirtualMachines/amazon-corretto-11.jdk/Contents/Home"/>
    <property name="sun.io.unicode.encoding" value="UnicodeBig"/>
    <property name="awt.toolkit" value="sun.lwawt.macosx.LWCToolkit"/>
    <property name="LOGNAME" value="poonamsolanke"/>
    <property name="POM_PACKAGING" value="jar"/>
    <property name="socksNonProxyHosts" value="local|*.local|169.254/16|*.169.254/16"/>
    <property name="HOME" value="/Users/poonamsolanke"/>
    <property name="ftp.nonProxyHosts" value="local|*.local|169.254/16|*.169.254/16"/>
    <property name="POM_GROUPID" value="clairthon-serial-coders"/>
    <property name="user.home" value="/Users/poonamsolanke"/>
    <property name="BUILD_TAG" value="jenkins-CodePolice-32"/>
    <property name="JENKINS_SERVER_COOKIE" value="d1e3091a129f3df6"/>
    <property name="XPC_SERVICE_NAME" value="homebrew.mxcl.jenkins-lts"/>
    <property name="HUDSON_URL" value="http://localhost:8082/"/>
    <property name="JAVA_MAIN_CLASS_23230" value="executable.Main"/>
    <property name="java.version.date" value="2022-01-18"/>
    <property name="java.specification.vendor" value="Oracle Corporation"/>
    <property name="CLASSPATH" value=""/>
    <property name="java.library.path" value="/Users/poonamsolanke/Library/Java/Extensions:/Library/Java/Extensions:/Network/Library/Java/Extensions:/System/Library/Java/Extensions:/usr/lib/java:."/>
    <property name="java.vendor.url" value="https://aws.amazon.com/corretto/"/>
    <property name="java.vm.vendor" value="Amazon.com Inc."/>
    <property name="gopherProxySet" value="false"/>
    <property name="java.runtime.name" value="OpenJDK Runtime Environment"/>
    <property name="maven.home" value="/Users/poonamsolanke/.jenkins/tools/hudson.tasks.Maven_MavenInstallation/MAVEN"/>
    <property name="sun.java.command" value="jenkins.maven3.agent.Maven35Main /Users/poonamsolanke/.jenkins/tools/hudson.tasks.Maven_MavenInstallation/MAVEN /Users/poonamsolanke/.jenkins/war/WEB-INF/lib/remoting-3044.vb_940a_a_e4f72e.jar /Users/poonamsolanke/.jenkins/plugins/maven-plugin/WEB-INF/lib/maven35-interceptor-1.13.jar /Users/poonamsolanke/.jenkins/plugins/maven-plugin/WEB-INF/lib/maven3-interceptor-commons-1.13.jar 57140"/>
    <property name="java.class.path" value="/Users/poonamsolanke/.jenkins/plugins/maven-plugin/WEB-INF/lib/maven35-agent-1.13.jar:/Users/poonamsolanke/.jenkins/tools/hudson.tasks.Maven_MavenInstallation/MAVEN/boot/plexus-classworlds-2.6.0.jar:/Users/poonamsolanke/.jenkins/tools/hudson.tasks.Maven_MavenInstallation/MAVEN/conf/logging"/>
    <property name="jdk.debug" value="release"/>
    <property name="java.vm.specification.name" value="Java Virtual Machine Specification"/>
    <property name="PATH+JDK" value="/Library/Java/JavaVirtualMachines/amazon-corretto-11.jdk/Contents/Home/bin"/>
    <property name="java.vm.specification.version" value="11"/>
    <property name="M2_HOME" value="/Users/poonamsolanke/.jenkins/tools/hudson.tasks.Maven_MavenInstallation/MAVEN"/>
    <property name="sun.cpu.endian" value="little"/>
    <property name="sun.os.patch.level" value="unknown"/>
    <property name="CI" value="true"/>
    <property name="java.io.tmpdir" value="/var/folders/3s/pkx2fvcd7718pc8fkw91kctw0000gp/T/"/>
    <property name="HUDSON_HOME" value="/Users/poonamsolanke/.jenkins"/>
    <property name="PATH+MAVEN" value="/Users/poonamsolanke/.jenkins/tools/hudson.tasks.Maven_MavenInstallation/MAVEN/bin"/>
    <property name="java.vendor.url.bug" value="https://github.com/corretto/corretto-11/issues/"/>
    <property name="BUILD_URL" value="http://localhost:8082/job/CodePolice/32/"/>
    <property name="SSH_AUTH_SOCK" value="/private/tmp/com.apple.launchd.KH3gzt0dgT/Listeners"/>
    <property name="os.arch" value="x86_64"/>
    <property name="java.awt.graphicsenv" value="sun.awt.CGraphicsEnvironment"/>
    <property name="__CF_USER_TEXT_ENCODING" value="0x1F6:0:2"/>
    <property name="user.dir" value="/Users/poonamsolanke/Projects/clairthon-serial-coders"/>
    <property name="JOB_URL" value="http://localhost:8082/job/CodePolice/"/>
    <property name="MAVEN_HOME" value="/Users/poonamsolanke/.jenkins/tools/hudson.tasks.Maven_MavenInstallation/MAVEN"/>
    <property name="line.separator" value="
"/>
    <property name="java.vm.name" value="OpenJDK 64-Bit Server VM"/>
    <property name="BUILD_NUMBER" value="32"/>
    <property name="JENKINS_URL" value="http://localhost:8082/"/>
    <property name="file.encoding" value="UTF-8"/>
    <property name="maven3.interceptor" value="/Users/poonamsolanke/.jenkins/plugins/maven-plugin/WEB-INF/lib/maven35-interceptor-1.13.jar"/>
    <property name="WORKSPACE_TMP" value="/Users/poonamsolanke/.jenkins/workspace/CodePolice@tmp"/>
    <property name="WORKSPACE" value="/Users/poonamsolanke/.jenkins/workspace/CodePolice"/>
    <property name="maven3.interceptor.common" value="/Users/poonamsolanke/.jenkins/plugins/maven-plugin/WEB-INF/lib/maven3-interceptor-commons-1.13.jar"/>
    <property name="java.specification.version" value="11"/>
    <property name="java.vendor.version" value="Corretto-11.0.14.9.1"/>
    <property name="USER" value="poonamsolanke"/>
  </properties>
  <testcase classname="com.cv.sc.storage.StorageTest" name="testDBStorage" time="2.574"/>
</testsuite>